<?xml version="1.0" encoding="UTF-8"?>
<!-- Generated by org.testng.reporters.JUnitXMLReporter -->
<testsuite ignored="4" hostname="LAPTOP-HUB3DN2R" failures="0" tests="2" name="Default test" time="57.024" errors="0" timestamp="2024-07-18T01:33:59 IST">
  <testcase classname="com.novoproso.testCases.homePageTest" name="clickStartNowButtonTest" time="1.178"/>
  <testcase classname="com.novoproso.testCases.homePageTest" name="clickCareersLinkTest" time="18.503"/>
  <testcase classname="com.novoproso.testCases.homePageTest" name="clickContactLinkTest" time="0.0">
    <ignored/>
  </testcase> <!-- clickContactLinkTest -->
  <testcase classname="com.novoproso.testCases.homePageTest" name="servicesSectionTest" time="0.0">
    <ignored/>
  </testcase> <!-- servicesSectionTest -->
  <testcase classname="com.novoproso.testCases.homePageTest" name="productsSectionTest" time="0.0">
    <ignored/>
  </testcase> <!-- productsSectionTest -->
  <testcase classname="com.novoproso.testCases.homePageTest" name="aboutUsSectionTest" time="0.0">
    <ignored/>
  </testcase> <!-- aboutUsSectionTest -->
</testsuite> <!-- Default test -->
