<?xml version="1.0" encoding="UTF-8"?>
<!-- Generated by org.testng.reporters.JUnitXMLReporter -->
<testsuite ignored="21" hostname="LAPTOP-HUB3DN2R" failures="0" tests="2" name="AboutUsLinkTest" time="32.725" errors="0" timestamp="2024-07-19T12:32:15 IST">
  <testcase classname="com.novoproso.testCases.navBarLinksTest" name="clickStartNowButtonTest" time="3.614"/>
  <testcase classname="com.novoproso.testCases.navBarLinksTest" name="clickAboutUsLinkTest" time="0.26"/>
  <testcase classname="com.novoproso.testCases.navBarLinksTest" name="hoverClickHRALinkTest" time="0.0">
    <ignored/>
  </testcase> <!-- hoverClickHRALinkTest -->
  <testcase classname="com.novoproso.testCases.navBarLinksTest" name="clickHomeLinkTest" time="0.0">
    <ignored/>
  </testcase> <!-- clickHomeLinkTest -->
  <testcase classname="com.novoproso.testCases.navBarLinksTest" name="hoverClickCsrLinkTest" time="0.0">
    <ignored/>
  </testcase> <!-- hoverClickCsrLinkTest -->
  <testcase classname="com.novoproso.testCases.navBarLinksTest" name="hoverAboutUsLinkTest" time="0.0">
    <ignored/>
  </testcase> <!-- hoverAboutUsLinkTest -->
  <testcase classname="com.novoproso.testCases.navBarLinksTest" name="hoverClickITPMLinkTest" time="0.0">
    <ignored/>
  </testcase> <!-- hoverClickITPMLinkTest -->
  <testcase classname="com.novoproso.testCases.navBarLinksTest" name="clickContactLinkTest" time="0.0">
    <ignored/>
  </testcase> <!-- clickContactLinkTest -->
  <testcase classname="com.novoproso.testCases.navBarLinksTest" name="clickCareersLinkTest" time="0.0">
    <ignored/>
  </testcase> <!-- clickCareersLinkTest -->
  <testcase classname="com.novoproso.testCases.navBarLinksTest" name="hoverClickSDLinkTest" time="0.0">
    <ignored/>
  </testcase> <!-- hoverClickSDLinkTest -->
  <testcase classname="com.novoproso.testCases.navBarLinksTest" name="hoverClickBDIngensionLinkTest" time="0.0">
    <ignored/>
  </testcase> <!-- hoverClickBDIngensionLinkTest -->
  <testcase classname="com.novoproso.testCases.navBarLinksTest" name="hoverServicesLinkTest" time="0.0">
    <ignored/>
  </testcase> <!-- hoverServicesLinkTest -->
  <testcase classname="com.novoproso.testCases.navBarLinksTest" name="hoverClickCloudLinkTest" time="0.0">
    <ignored/>
  </testcase> <!-- hoverClickCloudLinkTest -->
  <testcase classname="com.novoproso.testCases.navBarLinksTest" name="hoverClickDANLinkTest" time="0.0">
    <ignored/>
  </testcase> <!-- hoverClickDANLinkTest -->
  <testcase classname="com.novoproso.testCases.navBarLinksTest" name="hoverClickIdeaLinkTest" time="0.0">
    <ignored/>
  </testcase> <!-- hoverClickIdeaLinkTest -->
  <testcase classname="com.novoproso.testCases.navBarLinksTest" name="hoverProductsLinkTest" time="0.0">
    <ignored/>
  </testcase> <!-- hoverProductsLinkTest -->
  <testcase classname="com.novoproso.testCases.navBarLinksTest" name="clickServicesLinkTest" time="0.0">
    <ignored/>
  </testcase> <!-- clickServicesLinkTest -->
  <testcase classname="com.novoproso.testCases.navBarLinksTest" name="hoverClickNetworkLinkTest" time="0.0">
    <ignored/>
  </testcase> <!-- hoverClickNetworkLinkTest -->
  <testcase classname="com.novoproso.testCases.navBarLinksTest" name="hoverClickAILinkTest" time="0.0">
    <ignored/>
  </testcase> <!-- hoverClickAILinkTest -->
  <testcase classname="com.novoproso.testCases.navBarLinksTest" name="hoverClickITStaffLinkTest" time="0.0">
    <ignored/>
  </testcase> <!-- hoverClickITStaffLinkTest -->
  <testcase classname="com.novoproso.testCases.navBarLinksTest" name="clickProductsLinkTest" time="0.0">
    <ignored/>
  </testcase> <!-- clickProductsLinkTest -->
  <testcase classname="com.novoproso.testCases.navBarLinksTest" name="hoverClickLocalSportsLinkTest" time="0.0">
    <ignored/>
  </testcase> <!-- hoverClickLocalSportsLinkTest -->
  <testcase classname="com.novoproso.testCases.navBarLinksTest" name="hoverClickBigDataLinkTest" time="0.0">
    <ignored/>
  </testcase> <!-- hoverClickBigDataLinkTest -->
</testsuite> <!-- AboutUsLinkTest -->
