<?xml version="1.0" encoding="UTF-8"?>
<!-- Generated by org.testng.reporters.JUnitXMLReporter -->
<testsuite ignored="0" hostname="LAPTOP-HUB3DN2R" failures="0" tests="2" name="ContactFormDataDrivenTest" time="24.597" errors="0" timestamp="2024-07-19T12:36:15 IST">
  <testcase classname="com.novoproso.testCases.contactDataDrivenTest" name="clickStartNowButtonTest" time="3.795"/>
  <testcase classname="com.novoproso.testCases.contactDataDrivenTest" name="contactFormTest" time="3.048"/>
</testsuite> <!-- ContactFormDataDrivenTest -->
