<?xml version="1.0" encoding="UTF-8"?>
<!-- Generated by org.testng.reporters.JUnitXMLReporter -->
<testsuite ignored="3" hostname="LAPTOP-HUB3DN2R" failures="0" tests="6" name="HomePageSectionsTest" time="62.107" errors="0" timestamp="2024-07-21T14:58:22 IST">
  <testcase classname="com.novoproso.testCases.ClickStartNowTest" name="clickStartNowButtonTest" time="2.907"/>
  <testcase classname="com.novoproso.testCases.HomePageTest" name="aboutUsSectionTest" time="0.571"/>
  <testcase classname="com.novoproso.testCases.HomePageTest" name="productsSectionTest" time="4.88"/>
  <testcase classname="com.novoproso.testCases.HomePageTest" name="servicesSectionTest" time="18.12"/>
  <testcase classname="com.novoproso.testCases.HomePageTest" name="careersSectionTest" time="12.494"/>
  <testcase classname="com.novoproso.testCases.HomePageTest" name="contactSectionTest" time="9.242"/>
  <testcase classname="com.novoproso.testCases.BaseClass" name="@AfterTest tearDown" time="0.0">
    <ignored/>
  </testcase> <!-- @AfterTest tearDown -->
  <testcase classname="com.novoproso.testCases.BaseClass" name="@BeforeTest setup" time="0.0">
    <ignored/>
  </testcase> <!-- @BeforeTest setup -->
  <testcase classname="com.novoproso.testCases.ClickStartNowTest" name="clickStartNowButtonMobileViewTest" time="0.0">
    <ignored/>
  </testcase> <!-- clickStartNowButtonMobileViewTest -->
</testsuite> <!-- HomePageSectionsTest -->
