<?xml version="1.0" encoding="UTF-8"?>
<!-- Generated by org.testng.reporters.JUnitXMLReporter -->
<testsuite ignored="3" hostname="LAPTOP-HUB3DN2R" failures="0" tests="6" name="HomePageSectionsMobileViewTest" time="83.272" errors="0" timestamp="2024-07-21T15:02:43 IST">
  <testcase classname="com.novoproso.testCases.ClickStartNowTest" name="clickStartNowButtonMobileViewTest" time="3.463"/>
  <testcase classname="com.novoproso.testCases.HomePageMobileViewTest" name="aboutUsSectionTest" time="1.107"/>
  <testcase classname="com.novoproso.testCases.HomePageMobileViewTest" name="productsSectionTest" time="6.379"/>
  <testcase classname="com.novoproso.testCases.HomePageMobileViewTest" name="servicesSectionTest" time="18.641"/>
  <testcase classname="com.novoproso.testCases.HomePageMobileViewTest" name="careersSectionTest" time="13.928"/>
  <testcase classname="com.novoproso.testCases.HomePageMobileViewTest" name="contactSectionTest" time="12.697"/>
  <testcase classname="com.novoproso.testCases.ClickStartNowTest" name="clickStartNowButtonTest" time="0.0">
    <ignored/>
  </testcase> <!-- clickStartNowButtonTest -->
  <testcase classname="com.novoproso.testCases.BaseClass" name="@BeforeTest setup" time="0.0">
    <ignored/>
  </testcase> <!-- @BeforeTest setup -->
  <testcase classname="com.novoproso.testCases.BaseClass" name="@AfterTest tearDown" time="0.0">
    <ignored/>
  </testcase> <!-- @AfterTest tearDown -->
</testsuite> <!-- HomePageSectionsMobileViewTest -->
