<?xml version="1.0" encoding="UTF-8"?>
<!-- Generated by org.testng.reporters.JUnitXMLReporter -->
<testsuite ignored="1" hostname="LAPTOP-HUB3DN2R" failures="0" tests="5" name="HomePageSectionsTest" time="72.275" errors="0" timestamp="2024-07-18T01:37:49 IST">
  <testcase classname="com.novoproso.testCases.homePageTest" name="clickStartNowButtonTest" time="1.179"/>
  <testcase classname="com.novoproso.testCases.homePageTest" name="aboutUsSectionTest" time="0.89"/>
  <testcase classname="com.novoproso.testCases.homePageTest" name="productsSectionTest" time="6.358"/>
  <testcase classname="com.novoproso.testCases.homePageTest" name="servicesSectionTest" time="24.427"/>
  <testcase classname="com.novoproso.testCases.homePageTest" name="careersSectionTest" time="17.956"/>
  <testcase classname="com.novoproso.testCases.homePageTest" name="clickContactLinkTest" time="0.0">
    <ignored/>
  </testcase> <!-- clickContactLinkTest -->
</testsuite> <!-- HomePageSectionsTest -->
