<?xml version="1.0" encoding="UTF-8"?>
<!-- Generated by org.testng.reporters.JUnitXMLReporter -->
<testsuite ignored="12" hostname="LAPTOP-HUB3DN2R" failures="0" tests="14" name="HoverDropdownClickSubLinksTest" time="48.959" errors="0" timestamp="2024-07-21T14:57:19 IST">
  <testcase classname="com.novoproso.testCases.ClickStartNowTest" name="clickStartNowButtonTest" time="2.956"/>
  <testcase classname="com.novoproso.testCases.navBarLinksTest" name="hoverClickCsrLinkTest" time="1.685"/>
  <testcase classname="com.novoproso.testCases.navBarLinksTest" name="hoverClickLocalSportsLinkTest" time="1.763"/>
  <testcase classname="com.novoproso.testCases.navBarLinksTest" name="hoverClickDANLinkTest" time="2.374"/>
  <testcase classname="com.novoproso.testCases.navBarLinksTest" name="hoverClickBDIngensionLinkTest" time="1.505"/>
  <testcase classname="com.novoproso.testCases.navBarLinksTest" name="hoverClickIdeaLinkTest" time="3.096"/>
  <testcase classname="com.novoproso.testCases.navBarLinksTest" name="hoverClickSDLinkTest" time="1.195"/>
  <testcase classname="com.novoproso.testCases.navBarLinksTest" name="hoverClickITStaffLinkTest" time="1.285"/>
  <testcase classname="com.novoproso.testCases.navBarLinksTest" name="hoverClickCloudLinkTest" time="1.946"/>
  <testcase classname="com.novoproso.testCases.navBarLinksTest" name="hoverClickAILinkTest" time="0.748"/>
  <testcase classname="com.novoproso.testCases.navBarLinksTest" name="hoverClickBigDataLinkTest" time="0.706"/>
  <testcase classname="com.novoproso.testCases.navBarLinksTest" name="hoverClickHRALinkTest" time="0.702"/>
  <testcase classname="com.novoproso.testCases.navBarLinksTest" name="hoverClickITPMLinkTest" time="0.702"/>
  <testcase classname="com.novoproso.testCases.navBarLinksTest" name="hoverClickNetworkLinkTest" time="0.75"/>
  <testcase classname="com.novoproso.testCases.navBarLinksTest" name="hoverProductsLinkTest" time="0.0">
    <ignored/>
  </testcase> <!-- hoverProductsLinkTest -->
  <testcase classname="com.novoproso.testCases.navBarLinksTest" name="hoverServicesLinkTest" time="0.0">
    <ignored/>
  </testcase> <!-- hoverServicesLinkTest -->
  <testcase classname="com.novoproso.testCases.navBarLinksTest" name="clickServicesLinkTest" time="0.0">
    <ignored/>
  </testcase> <!-- clickServicesLinkTest -->
  <testcase classname="com.novoproso.testCases.BaseClass" name="@AfterTest tearDown" time="0.0">
    <ignored/>
  </testcase> <!-- @AfterTest tearDown -->
  <testcase classname="com.novoproso.testCases.navBarLinksTest" name="hoverAboutUsLinkTest" time="0.0">
    <ignored/>
  </testcase> <!-- hoverAboutUsLinkTest -->
  <testcase classname="com.novoproso.testCases.BaseClass" name="@BeforeTest setup" time="0.0">
    <ignored/>
  </testcase> <!-- @BeforeTest setup -->
  <testcase classname="com.novoproso.testCases.navBarLinksTest" name="clickContactLinkTest" time="0.0">
    <ignored/>
  </testcase> <!-- clickContactLinkTest -->
  <testcase classname="com.novoproso.testCases.navBarLinksTest" name="clickAboutUsLinkTest" time="0.0">
    <ignored/>
  </testcase> <!-- clickAboutUsLinkTest -->
  <testcase classname="com.novoproso.testCases.navBarLinksTest" name="clickHomeLinkTest" time="0.0">
    <ignored/>
  </testcase> <!-- clickHomeLinkTest -->
  <testcase classname="com.novoproso.testCases.ClickStartNowTest" name="clickStartNowButtonMobileViewTest" time="0.0">
    <ignored/>
  </testcase> <!-- clickStartNowButtonMobileViewTest -->
  <testcase classname="com.novoproso.testCases.navBarLinksTest" name="clickCareersLinkTest" time="0.0">
    <ignored/>
  </testcase> <!-- clickCareersLinkTest -->
  <testcase classname="com.novoproso.testCases.navBarLinksTest" name="clickProductsLinkTest" time="0.0">
    <ignored/>
  </testcase> <!-- clickProductsLinkTest -->
</testsuite> <!-- HoverDropdownClickSubLinksTest -->
