<?xml version="1.0" encoding="UTF-8"?>
<!-- Generated by org.testng.reporters.JUnitXMLReporter -->
<testsuite ignored="3" hostname="LAPTOP-HUB3DN2R" failures="0" tests="14" name="HoverDropdownClickSubLinksMobileViewTest" time="39.494" errors="0" timestamp="2024-07-21T15:01:20 IST">
  <testcase classname="com.novoproso.testCases.ClickStartNowTest" name="clickStartNowButtonMobileViewTest" time="3.538"/>
  <testcase classname="com.novoproso.testCases.navBarLinksMobileViewTest" name="hoverClickCsrLinkTest" time="1.803"/>
  <testcase classname="com.novoproso.testCases.navBarLinksMobileViewTest" name="hoverClickLocalSportsLinkTest" time="2.298"/>
  <testcase classname="com.novoproso.testCases.navBarLinksMobileViewTest" name="hoverClickDANLinkTest" time="1.264"/>
  <testcase classname="com.novoproso.testCases.navBarLinksMobileViewTest" name="hoverClickBDIngensionLinkTest" time="0.642"/>
  <testcase classname="com.novoproso.testCases.navBarLinksMobileViewTest" name="hoverClickIdeaLinkTest" time="1.222"/>
  <testcase classname="com.novoproso.testCases.navBarLinksMobileViewTest" name="hoverClickSDLinkTest" time="0.671"/>
  <testcase classname="com.novoproso.testCases.navBarLinksMobileViewTest" name="hoverClickITStaffLinkTest" time="1.131"/>
  <testcase classname="com.novoproso.testCases.navBarLinksMobileViewTest" name="hoverClickCloudLinkTest" time="0.68"/>
  <testcase classname="com.novoproso.testCases.navBarLinksMobileViewTest" name="hoverClickAILinkTest" time="1.563"/>
  <testcase classname="com.novoproso.testCases.navBarLinksMobileViewTest" name="hoverClickBigDataLinkTest" time="0.652"/>
  <testcase classname="com.novoproso.testCases.navBarLinksMobileViewTest" name="hoverClickHRALinkTest" time="0.675"/>
  <testcase classname="com.novoproso.testCases.navBarLinksMobileViewTest" name="hoverClickITPMLinkTest" time="1.119"/>
  <testcase classname="com.novoproso.testCases.navBarLinksMobileViewTest" name="hoverClickNetworkLinkTest" time="0.67"/>
  <testcase classname="com.novoproso.testCases.BaseClass" name="@BeforeTest setup" time="0.0">
    <ignored/>
  </testcase> <!-- @BeforeTest setup -->
  <testcase classname="com.novoproso.testCases.BaseClass" name="@AfterTest tearDown" time="0.0">
    <ignored/>
  </testcase> <!-- @AfterTest tearDown -->
  <testcase classname="com.novoproso.testCases.ClickStartNowTest" name="clickStartNowButtonTest" time="0.0">
    <ignored/>
  </testcase> <!-- clickStartNowButtonTest -->
</testsuite> <!-- HoverDropdownClickSubLinksMobileViewTest -->
