<?xml version="1.0" encoding="UTF-8"?>
<!-- Generated by org.testng.reporters.JUnitXMLReporter -->
<testsuite ignored="9" hostname="LAPTOP-HUB3DN2R" failures="0" tests="14" name="HoverDropdownClickSubLinksTest" time="47.84" errors="0" timestamp="2024-07-17T23:01:54 IST">
  <testcase classname="com.novoproso.testCases.navBarLinksTest" name="clickStartNowButtonTest" time="1.126"/>
  <testcase classname="com.novoproso.testCases.navBarLinksTest" name="hoverClickCsrLinkTest" time="1.538"/>
  <testcase classname="com.novoproso.testCases.navBarLinksTest" name="hoverClickLocalSportsLinkTest" time="1.424"/>
  <testcase classname="com.novoproso.testCases.navBarLinksTest" name="hoverClickDANLinkTest" time="1.539"/>
  <testcase classname="com.novoproso.testCases.navBarLinksTest" name="hoverClickBDIngensionLinkTest" time="1.435"/>
  <testcase classname="com.novoproso.testCases.navBarLinksTest" name="hoverClickIdeaLinkTest" time="1.433"/>
  <testcase classname="com.novoproso.testCases.navBarLinksTest" name="hoverClickSDLinkTest" time="1.37"/>
  <testcase classname="com.novoproso.testCases.navBarLinksTest" name="hoverClickITStaffLinkTest" time="1.353"/>
  <testcase classname="com.novoproso.testCases.navBarLinksTest" name="hoverClickCloudLinkTest" time="1.579"/>
  <testcase classname="com.novoproso.testCases.navBarLinksTest" name="hoverClickAILinkTest" time="1.957"/>
  <testcase classname="com.novoproso.testCases.navBarLinksTest" name="hoverClickBigDataLinkTest" time="1.398"/>
  <testcase classname="com.novoproso.testCases.navBarLinksTest" name="hoverClickHRALinkTest" time="1.366"/>
  <testcase classname="com.novoproso.testCases.navBarLinksTest" name="hoverClickITPMLinkTest" time="2.403"/>
  <testcase classname="com.novoproso.testCases.navBarLinksTest" name="hoverClickNetworkLinkTest" time="1.668"/>
  <testcase classname="com.novoproso.testCases.navBarLinksTest" name="clickProductsLinkTest" time="0.0">
    <ignored/>
  </testcase> <!-- clickProductsLinkTest -->
  <testcase classname="com.novoproso.testCases.navBarLinksTest" name="hoverServicesLinkTest" time="0.0">
    <ignored/>
  </testcase> <!-- hoverServicesLinkTest -->
  <testcase classname="com.novoproso.testCases.navBarLinksTest" name="clickServicesLinkTest" time="0.0">
    <ignored/>
  </testcase> <!-- clickServicesLinkTest -->
  <testcase classname="com.novoproso.testCases.navBarLinksTest" name="hoverProductsLinkTest" time="0.0">
    <ignored/>
  </testcase> <!-- hoverProductsLinkTest -->
  <testcase classname="com.novoproso.testCases.navBarLinksTest" name="clickAboutUsLinkTest" time="0.0">
    <ignored/>
  </testcase> <!-- clickAboutUsLinkTest -->
  <testcase classname="com.novoproso.testCases.navBarLinksTest" name="clickContactLinkTest" time="0.0">
    <ignored/>
  </testcase> <!-- clickContactLinkTest -->
  <testcase classname="com.novoproso.testCases.navBarLinksTest" name="clickHomeLinkTest" time="0.0">
    <ignored/>
  </testcase> <!-- clickHomeLinkTest -->
  <testcase classname="com.novoproso.testCases.navBarLinksTest" name="hoverAboutUsLinkTest" time="0.0">
    <ignored/>
  </testcase> <!-- hoverAboutUsLinkTest -->
  <testcase classname="com.novoproso.testCases.navBarLinksTest" name="clickCareersLinkTest" time="0.0">
    <ignored/>
  </testcase> <!-- clickCareersLinkTest -->
</testsuite> <!-- HoverDropdownClickSubLinksTest -->
