<?xml version="1.0" encoding="UTF-8"?>
<!-- Generated by org.testng.reporters.JUnitXMLReporter -->
<testsuite ignored="22" hostname="LAPTOP-HUB3DN2R" failures="0" tests="4" name="navlinksHoverTest" time="22.441" errors="0" timestamp="2024-07-21T14:56:30 IST">
  <testcase classname="com.novoproso.testCases.ClickStartNowTest" name="clickStartNowButtonTest" time="2.966"/>
  <testcase classname="com.novoproso.testCases.navBarLinksTest" name="hoverAboutUsLinkTest" time="0.685"/>
  <testcase classname="com.novoproso.testCases.navBarLinksTest" name="hoverProductsLinkTest" time="0.729"/>
  <testcase classname="com.novoproso.testCases.navBarLinksTest" name="hoverServicesLinkTest" time="0.686"/>
  <testcase classname="com.novoproso.testCases.BaseClass" name="@BeforeTest setup" time="0.0">
    <ignored/>
  </testcase> <!-- @BeforeTest setup -->
  <testcase classname="com.novoproso.testCases.ClickStartNowTest" name="clickStartNowButtonMobileViewTest" time="0.0">
    <ignored/>
  </testcase> <!-- clickStartNowButtonMobileViewTest -->
  <testcase classname="com.novoproso.testCases.navBarLinksTest" name="hoverClickCsrLinkTest" time="0.0">
    <ignored/>
  </testcase> <!-- hoverClickCsrLinkTest -->
  <testcase classname="com.novoproso.testCases.navBarLinksTest" name="hoverClickHRALinkTest" time="0.0">
    <ignored/>
  </testcase> <!-- hoverClickHRALinkTest -->
  <testcase classname="com.novoproso.testCases.navBarLinksTest" name="hoverClickAILinkTest" time="0.0">
    <ignored/>
  </testcase> <!-- hoverClickAILinkTest -->
  <testcase classname="com.novoproso.testCases.navBarLinksTest" name="clickCareersLinkTest" time="0.0">
    <ignored/>
  </testcase> <!-- clickCareersLinkTest -->
  <testcase classname="com.novoproso.testCases.navBarLinksTest" name="hoverClickCloudLinkTest" time="0.0">
    <ignored/>
  </testcase> <!-- hoverClickCloudLinkTest -->
  <testcase classname="com.novoproso.testCases.navBarLinksTest" name="clickContactLinkTest" time="0.0">
    <ignored/>
  </testcase> <!-- clickContactLinkTest -->
  <testcase classname="com.novoproso.testCases.navBarLinksTest" name="hoverClickSDLinkTest" time="0.0">
    <ignored/>
  </testcase> <!-- hoverClickSDLinkTest -->
  <testcase classname="com.novoproso.testCases.navBarLinksTest" name="hoverClickBDIngensionLinkTest" time="0.0">
    <ignored/>
  </testcase> <!-- hoverClickBDIngensionLinkTest -->
  <testcase classname="com.novoproso.testCases.navBarLinksTest" name="clickAboutUsLinkTest" time="0.0">
    <ignored/>
  </testcase> <!-- clickAboutUsLinkTest -->
  <testcase classname="com.novoproso.testCases.BaseClass" name="@AfterTest tearDown" time="0.0">
    <ignored/>
  </testcase> <!-- @AfterTest tearDown -->
  <testcase classname="com.novoproso.testCases.navBarLinksTest" name="hoverClickIdeaLinkTest" time="0.0">
    <ignored/>
  </testcase> <!-- hoverClickIdeaLinkTest -->
  <testcase classname="com.novoproso.testCases.navBarLinksTest" name="clickProductsLinkTest" time="0.0">
    <ignored/>
  </testcase> <!-- clickProductsLinkTest -->
  <testcase classname="com.novoproso.testCases.navBarLinksTest" name="hoverClickITPMLinkTest" time="0.0">
    <ignored/>
  </testcase> <!-- hoverClickITPMLinkTest -->
  <testcase classname="com.novoproso.testCases.navBarLinksTest" name="clickServicesLinkTest" time="0.0">
    <ignored/>
  </testcase> <!-- clickServicesLinkTest -->
  <testcase classname="com.novoproso.testCases.navBarLinksTest" name="hoverClickNetworkLinkTest" time="0.0">
    <ignored/>
  </testcase> <!-- hoverClickNetworkLinkTest -->
  <testcase classname="com.novoproso.testCases.navBarLinksTest" name="hoverClickITStaffLinkTest" time="0.0">
    <ignored/>
  </testcase> <!-- hoverClickITStaffLinkTest -->
  <testcase classname="com.novoproso.testCases.navBarLinksTest" name="hoverClickDANLinkTest" time="0.0">
    <ignored/>
  </testcase> <!-- hoverClickDANLinkTest -->
  <testcase classname="com.novoproso.testCases.navBarLinksTest" name="clickHomeLinkTest" time="0.0">
    <ignored/>
  </testcase> <!-- clickHomeLinkTest -->
  <testcase classname="com.novoproso.testCases.navBarLinksTest" name="hoverClickBigDataLinkTest" time="0.0">
    <ignored/>
  </testcase> <!-- hoverClickBigDataLinkTest -->
  <testcase classname="com.novoproso.testCases.navBarLinksTest" name="hoverClickLocalSportsLinkTest" time="0.0">
    <ignored/>
  </testcase> <!-- hoverClickLocalSportsLinkTest -->
</testsuite> <!-- navlinksHoverTest -->
