<?xml version="1.0" encoding="UTF-8"?>
<!-- Generated by org.testng.reporters.JUnitXMLReporter -->
<testsuite ignored="6" hostname="LAPTOP-HUB3DN2R" failures="0" tests="4" name="navlinksHoverTest" time="26.683" errors="0" timestamp="2024-07-17T22:00:22 IST">
  <testcase classname="com.novoproso.testCases.navBarLinksTest" name="clickStartNowButtonTest" time="1.132"/>
  <testcase classname="com.novoproso.testCases.navBarLinksTest" name="hoverAboutUsLinkTest" time="0.781"/>
  <testcase classname="com.novoproso.testCases.navBarLinksTest" name="hoverProductsLinkTest" time="0.664"/>
  <testcase classname="com.novoproso.testCases.navBarLinksTest" name="hoverServicesLinkTest" time="0.805"/>
  <testcase classname="com.novoproso.testCases.navBarLinksTest" name="clickProductsLinkTest" time="0.0">
    <ignored/>
  </testcase> <!-- clickProductsLinkTest -->
  <testcase classname="com.novoproso.testCases.navBarLinksTest" name="clickContactLinkTest" time="0.0">
    <ignored/>
  </testcase> <!-- clickContactLinkTest -->
  <testcase classname="com.novoproso.testCases.navBarLinksTest" name="clickHomeLinkTest" time="0.0">
    <ignored/>
  </testcase> <!-- clickHomeLinkTest -->
  <testcase classname="com.novoproso.testCases.navBarLinksTest" name="clickCareersLinkTest" time="0.0">
    <ignored/>
  </testcase> <!-- clickCareersLinkTest -->
  <testcase classname="com.novoproso.testCases.navBarLinksTest" name="clickAboutUsLinkTest" time="0.0">
    <ignored/>
  </testcase> <!-- clickAboutUsLinkTest -->
  <testcase classname="com.novoproso.testCases.navBarLinksTest" name="clickServicesLinkTest" time="0.0">
    <ignored/>
  </testcase> <!-- clickServicesLinkTest -->
</testsuite> <!-- navlinksHoverTest -->
