<?xml version="1.0" encoding="UTF-8"?>
<!-- Generated by org.testng.reporters.JUnitXMLReporter -->
<testsuite ignored="0" hostname="LAPTOP-HUB3DN2R" failures="0" tests="16" name="SectionPagesTest" time="115.792" errors="0" timestamp="2024-07-19T12:39:06 IST">
  <testcase classname="com.novoproso.testCases.AboutUsPagesTest" name="clickStartNowButtonTest" time="3.083"/>
  <testcase classname="com.novoproso.testCases.AboutUsPagesTest" name="hoverClickCsrLinkTest" time="3.225"/>
  <testcase classname="com.novoproso.testCases.AboutUsPagesTest" name="hoverClickLocalSportsLinkTest" time="3.111"/>
  <testcase classname="com.novoproso.testCases.ProductsPagesTest" name="clickStartNowButtonTest" time="3.658"/>
  <testcase classname="com.novoproso.testCases.ProductsPagesTest" name="hoverClickBDIngensionLinkTest" time="3.578"/>
  <testcase classname="com.novoproso.testCases.ProductsPagesTest" name="hoverClickDANLinkTest" time="3.054"/>
  <testcase classname="com.novoproso.testCases.ServicesPagesTest" name="clickStartNowButtonTest" time="3.366"/>
  <testcase classname="com.novoproso.testCases.ServicesPagesTest" name="hoverClickAILinkTest" time="3.717"/>
  <testcase classname="com.novoproso.testCases.ServicesPagesTest" name="hoverClickBigDataLinkTest" time="4.2"/>
  <testcase classname="com.novoproso.testCases.ServicesPagesTest" name="hoverClickCloudLinkTest" time="3.982"/>
  <testcase classname="com.novoproso.testCases.ServicesPagesTest" name="hoverClickHRALinkTest" time="4.185"/>
  <testcase classname="com.novoproso.testCases.ServicesPagesTest" name="hoverClickITPMLinkTest" time="4.08"/>
  <testcase classname="com.novoproso.testCases.ServicesPagesTest" name="hoverClickITStaffLinkTest" time="3.822"/>
  <testcase classname="com.novoproso.testCases.ServicesPagesTest" name="hoverClickIdeaLinkTest" time="4.747"/>
  <testcase classname="com.novoproso.testCases.ServicesPagesTest" name="hoverClickNetworkLinkTest" time="3.848"/>
  <testcase classname="com.novoproso.testCases.ServicesPagesTest" name="hoverClickSDLinkTest" time="4.905"/>
</testsuite> <!-- SectionPagesTest -->
