<?xml version="1.0" encoding="UTF-8"?>
<!-- Generated by org.testng.reporters.JUnitXMLReporter -->
<testsuite ignored="0" hostname="LAPTOP-HUB3DN2R" failures="0" tests="16" name="SectionPagesTest" time="114.374" errors="0" timestamp="2024-07-18T19:44:58 IST">
  <testcase classname="com.novoproso.testCases.AboutUsPagesTest" name="clickStartNowButtonTest" time="3.507"/>
  <testcase classname="com.novoproso.testCases.AboutUsPagesTest" name="hoverClickCsrLinkTest" time="3.852"/>
  <testcase classname="com.novoproso.testCases.AboutUsPagesTest" name="hoverClickLocalSportsLinkTest" time="2.737"/>
  <testcase classname="com.novoproso.testCases.ProductsPagesTest" name="clickStartNowButtonTest" time="2.925"/>
  <testcase classname="com.novoproso.testCases.ProductsPagesTest" name="hoverClickBDIngensionLinkTest" time="6.55"/>
  <testcase classname="com.novoproso.testCases.ProductsPagesTest" name="hoverClickDANLinkTest" time="3.768"/>
  <testcase classname="com.novoproso.testCases.ServicesPagesTest" name="clickStartNowButtonTest" time="3.082"/>
  <testcase classname="com.novoproso.testCases.ServicesPagesTest" name="hoverClickAILinkTest" time="5.79"/>
  <testcase classname="com.novoproso.testCases.ServicesPagesTest" name="hoverClickBigDataLinkTest" time="3.545"/>
  <testcase classname="com.novoproso.testCases.ServicesPagesTest" name="hoverClickCloudLinkTest" time="3.65"/>
  <testcase classname="com.novoproso.testCases.ServicesPagesTest" name="hoverClickHRALinkTest" time="3.571"/>
  <testcase classname="com.novoproso.testCases.ServicesPagesTest" name="hoverClickITPMLinkTest" time="3.668"/>
  <testcase classname="com.novoproso.testCases.ServicesPagesTest" name="hoverClickITStaffLinkTest" time="3.613"/>
  <testcase classname="com.novoproso.testCases.ServicesPagesTest" name="hoverClickIdeaLinkTest" time="4.18"/>
  <testcase classname="com.novoproso.testCases.ServicesPagesTest" name="hoverClickNetworkLinkTest" time="4.533"/>
  <testcase classname="com.novoproso.testCases.ServicesPagesTest" name="hoverClickSDLinkTest" time="3.723"/>
</testsuite> <!-- SectionPagesTest -->
