<?xml version="1.0" encoding="UTF-8"?>
<testng-results ignored="0" total="68" passed="68" failed="0" skipped="0">
  <reporter-output>
  </reporter-output>
  <suite started-at="2024-07-21T14:55:48 IST" name="Suite" finished-at="2024-07-21T15:02:43 IST" duration-ms="415242">
    <groups>
    </groups>
    <test started-at="2024-07-21T14:55:48 IST" name="navlinksTest" finished-at="2024-07-21T14:56:07 IST" duration-ms="19856">
      <class name="com.novoproso.testCases.ClickStartNowTest">
        <test-method is-config="true" signature="setup()[pri:0, instance:com.novoproso.testCases.ClickStartNowTest@5c671d7f]" started-at="2024-07-21T14:55:48 IST" name="setup" finished-at="2024-07-21T14:56:01 IST" duration-ms="13509" status="PASS">
          <reporter-output>
          </reporter-output>
        </test-method> <!-- setup -->
        <test-method signature="clickStartNowButtonTest()[pri:0, instance:com.novoproso.testCases.ClickStartNowTest@5c671d7f]" started-at="2024-07-21T14:56:01 IST" name="clickStartNowButtonTest" finished-at="2024-07-21T14:56:04 IST" duration-ms="3069" status="PASS">
          <reporter-output>
          </reporter-output>
        </test-method> <!-- clickStartNowButtonTest -->
        <test-method is-config="true" signature="tearDown()[pri:0, instance:com.novoproso.testCases.ClickStartNowTest@5c671d7f]" started-at="2024-07-21T14:56:06 IST" name="tearDown" finished-at="2024-07-21T14:56:07 IST" duration-ms="1540" status="PASS">
          <reporter-output>
          </reporter-output>
        </test-method> <!-- tearDown -->
      </class> <!-- com.novoproso.testCases.ClickStartNowTest -->
      <class name="com.novoproso.testCases.navBarLinksTest">
        <test-method signature="clickAboutUsLinkTest()[pri:0, instance:com.novoproso.testCases.navBarLinksTest@37271612]" started-at="2024-07-21T14:56:04 IST" name="clickAboutUsLinkTest" finished-at="2024-07-21T14:56:05 IST" depends-on-methods="com.novoproso.testCases.ClickStartNowTest.clickStartNowButtonTest" duration-ms="258" status="PASS">
          <reporter-output>
          </reporter-output>
        </test-method> <!-- clickAboutUsLinkTest -->
        <test-method signature="clickProductsLinkTest()[pri:0, instance:com.novoproso.testCases.navBarLinksTest@37271612]" started-at="2024-07-21T14:56:05 IST" name="clickProductsLinkTest" finished-at="2024-07-21T14:56:05 IST" depends-on-methods="com.novoproso.testCases.ClickStartNowTest.clickStartNowButtonTest" duration-ms="349" status="PASS">
          <reporter-output>
          </reporter-output>
        </test-method> <!-- clickProductsLinkTest -->
        <test-method signature="clickServicesLinkTest()[pri:0, instance:com.novoproso.testCases.navBarLinksTest@37271612]" started-at="2024-07-21T14:56:05 IST" name="clickServicesLinkTest" finished-at="2024-07-21T14:56:05 IST" depends-on-methods="com.novoproso.testCases.ClickStartNowTest.clickStartNowButtonTest" duration-ms="218" status="PASS">
          <reporter-output>
          </reporter-output>
        </test-method> <!-- clickServicesLinkTest -->
        <test-method signature="clickCareersLinkTest()[pri:0, instance:com.novoproso.testCases.navBarLinksTest@37271612]" started-at="2024-07-21T14:56:05 IST" name="clickCareersLinkTest" finished-at="2024-07-21T14:56:06 IST" depends-on-methods="clickStartNowButtonTest" duration-ms="259" status="PASS">
          <reporter-output>
          </reporter-output>
        </test-method> <!-- clickCareersLinkTest -->
        <test-method signature="clickContactLinkTest()[pri:0, instance:com.novoproso.testCases.navBarLinksTest@37271612]" started-at="2024-07-21T14:56:06 IST" name="clickContactLinkTest" finished-at="2024-07-21T14:56:06 IST" depends-on-methods="clickStartNowButtonTest" duration-ms="314" status="PASS">
          <reporter-output>
          </reporter-output>
        </test-method> <!-- clickContactLinkTest -->
      </class> <!-- com.novoproso.testCases.navBarLinksTest -->
    </test> <!-- navlinksTest -->
    <test started-at="2024-07-21T14:56:08 IST" name="navlinksHoverTest" finished-at="2024-07-21T14:56:30 IST" duration-ms="22441">
      <class name="com.novoproso.testCases.ClickStartNowTest">
        <test-method is-config="true" signature="setup()[pri:0, instance:com.novoproso.testCases.ClickStartNowTest@8317c52]" started-at="2024-07-21T14:56:08 IST" name="setup" finished-at="2024-07-21T14:56:23 IST" duration-ms="15414" status="PASS">
          <reporter-output>
          </reporter-output>
        </test-method> <!-- setup -->
        <test-method signature="clickStartNowButtonTest()[pri:0, instance:com.novoproso.testCases.ClickStartNowTest@8317c52]" started-at="2024-07-21T14:56:23 IST" name="clickStartNowButtonTest" finished-at="2024-07-21T14:56:26 IST" duration-ms="2966" status="PASS">
          <reporter-output>
          </reporter-output>
        </test-method> <!-- clickStartNowButtonTest -->
        <test-method is-config="true" signature="tearDown()[pri:0, instance:com.novoproso.testCases.ClickStartNowTest@8317c52]" started-at="2024-07-21T14:56:28 IST" name="tearDown" finished-at="2024-07-21T14:56:30 IST" duration-ms="1912" status="PASS">
          <reporter-output>
          </reporter-output>
        </test-method> <!-- tearDown -->
      </class> <!-- com.novoproso.testCases.ClickStartNowTest -->
      <class name="com.novoproso.testCases.navBarLinksTest">
        <test-method signature="hoverAboutUsLinkTest()[pri:0, instance:com.novoproso.testCases.navBarLinksTest@76f2bbc1]" started-at="2024-07-21T14:56:26 IST" name="hoverAboutUsLinkTest" finished-at="2024-07-21T14:56:27 IST" depends-on-methods="com.novoproso.testCases.ClickStartNowTest.clickStartNowButtonTest" duration-ms="685" status="PASS">
          <reporter-output>
          </reporter-output>
        </test-method> <!-- hoverAboutUsLinkTest -->
        <test-method signature="hoverProductsLinkTest()[pri:0, instance:com.novoproso.testCases.navBarLinksTest@76f2bbc1]" started-at="2024-07-21T14:56:27 IST" name="hoverProductsLinkTest" finished-at="2024-07-21T14:56:28 IST" depends-on-methods="com.novoproso.testCases.ClickStartNowTest.clickStartNowButtonTest" duration-ms="729" status="PASS">
          <reporter-output>
          </reporter-output>
        </test-method> <!-- hoverProductsLinkTest -->
        <test-method signature="hoverServicesLinkTest()[pri:0, instance:com.novoproso.testCases.navBarLinksTest@76f2bbc1]" started-at="2024-07-21T14:56:28 IST" name="hoverServicesLinkTest" finished-at="2024-07-21T14:56:28 IST" depends-on-methods="com.novoproso.testCases.ClickStartNowTest.clickStartNowButtonTest" duration-ms="686" status="PASS">
          <reporter-output>
          </reporter-output>
        </test-method> <!-- hoverServicesLinkTest -->
      </class> <!-- com.novoproso.testCases.navBarLinksTest -->
    </test> <!-- navlinksHoverTest -->
    <test started-at="2024-07-21T14:56:30 IST" name="HoverDropdownClickSubLinksTest" finished-at="2024-07-21T14:57:19 IST" duration-ms="48959">
      <class name="com.novoproso.testCases.ClickStartNowTest">
        <test-method is-config="true" signature="setup()[pri:0, instance:com.novoproso.testCases.ClickStartNowTest@6f27a732]" started-at="2024-07-21T14:56:30 IST" name="setup" finished-at="2024-07-21T14:56:56 IST" duration-ms="26005" status="PASS">
          <reporter-output>
          </reporter-output>
        </test-method> <!-- setup -->
        <test-method signature="clickStartNowButtonTest()[pri:0, instance:com.novoproso.testCases.ClickStartNowTest@6f27a732]" started-at="2024-07-21T14:56:56 IST" name="clickStartNowButtonTest" finished-at="2024-07-21T14:56:59 IST" duration-ms="2956" status="PASS">
          <reporter-output>
          </reporter-output>
        </test-method> <!-- clickStartNowButtonTest -->
        <test-method is-config="true" signature="tearDown()[pri:0, instance:com.novoproso.testCases.ClickStartNowTest@6f27a732]" started-at="2024-07-21T14:57:18 IST" name="tearDown" finished-at="2024-07-21T14:57:19 IST" duration-ms="1499" status="PASS">
          <reporter-output>
          </reporter-output>
        </test-method> <!-- tearDown -->
      </class> <!-- com.novoproso.testCases.ClickStartNowTest -->
      <class name="com.novoproso.testCases.navBarLinksTest">
        <test-method signature="hoverClickCsrLinkTest()[pri:0, instance:com.novoproso.testCases.navBarLinksTest@6c779568]" started-at="2024-07-21T14:56:59 IST" name="hoverClickCsrLinkTest" finished-at="2024-07-21T14:57:01 IST" depends-on-methods="com.novoproso.testCases.ClickStartNowTest.clickStartNowButtonTest" duration-ms="1685" status="PASS">
          <reporter-output>
          </reporter-output>
        </test-method> <!-- hoverClickCsrLinkTest -->
        <test-method signature="hoverClickLocalSportsLinkTest()[pri:0, instance:com.novoproso.testCases.navBarLinksTest@6c779568]" started-at="2024-07-21T14:57:01 IST" name="hoverClickLocalSportsLinkTest" finished-at="2024-07-21T14:57:03 IST" depends-on-methods="com.novoproso.testCases.ClickStartNowTest.clickStartNowButtonTest" duration-ms="1763" status="PASS">
          <reporter-output>
          </reporter-output>
        </test-method> <!-- hoverClickLocalSportsLinkTest -->
        <test-method signature="hoverClickDANLinkTest()[pri:0, instance:com.novoproso.testCases.navBarLinksTest@6c779568]" started-at="2024-07-21T14:57:03 IST" name="hoverClickDANLinkTest" finished-at="2024-07-21T14:57:05 IST" depends-on-methods="com.novoproso.testCases.ClickStartNowTest.clickStartNowButtonTest" duration-ms="2374" status="PASS">
          <reporter-output>
          </reporter-output>
        </test-method> <!-- hoverClickDANLinkTest -->
        <test-method signature="hoverClickBDIngensionLinkTest()[pri:0, instance:com.novoproso.testCases.navBarLinksTest@6c779568]" started-at="2024-07-21T14:57:05 IST" name="hoverClickBDIngensionLinkTest" finished-at="2024-07-21T14:57:07 IST" depends-on-methods="com.novoproso.testCases.ClickStartNowTest.clickStartNowButtonTest" duration-ms="1505" status="PASS">
          <reporter-output>
          </reporter-output>
        </test-method> <!-- hoverClickBDIngensionLinkTest -->
        <test-method signature="hoverClickIdeaLinkTest()[pri:0, instance:com.novoproso.testCases.navBarLinksTest@6c779568]" started-at="2024-07-21T14:57:07 IST" name="hoverClickIdeaLinkTest" finished-at="2024-07-21T14:57:10 IST" depends-on-methods="com.novoproso.testCases.ClickStartNowTest.clickStartNowButtonTest" duration-ms="3096" status="PASS">
          <reporter-output>
          </reporter-output>
        </test-method> <!-- hoverClickIdeaLinkTest -->
        <test-method signature="hoverClickSDLinkTest()[pri:0, instance:com.novoproso.testCases.navBarLinksTest@6c779568]" started-at="2024-07-21T14:57:10 IST" name="hoverClickSDLinkTest" finished-at="2024-07-21T14:57:11 IST" depends-on-methods="com.novoproso.testCases.ClickStartNowTest.clickStartNowButtonTest" duration-ms="1195" status="PASS">
          <reporter-output>
          </reporter-output>
        </test-method> <!-- hoverClickSDLinkTest -->
        <test-method signature="hoverClickITStaffLinkTest()[pri:0, instance:com.novoproso.testCases.navBarLinksTest@6c779568]" started-at="2024-07-21T14:57:11 IST" name="hoverClickITStaffLinkTest" finished-at="2024-07-21T14:57:12 IST" depends-on-methods="com.novoproso.testCases.ClickStartNowTest.clickStartNowButtonTest" duration-ms="1285" status="PASS">
          <reporter-output>
          </reporter-output>
        </test-method> <!-- hoverClickITStaffLinkTest -->
        <test-method signature="hoverClickCloudLinkTest()[pri:0, instance:com.novoproso.testCases.navBarLinksTest@6c779568]" started-at="2024-07-21T14:57:12 IST" name="hoverClickCloudLinkTest" finished-at="2024-07-21T14:57:14 IST" depends-on-methods="com.novoproso.testCases.ClickStartNowTest.clickStartNowButtonTest" duration-ms="1946" status="PASS">
          <reporter-output>
          </reporter-output>
        </test-method> <!-- hoverClickCloudLinkTest -->
        <test-method signature="hoverClickAILinkTest()[pri:0, instance:com.novoproso.testCases.navBarLinksTest@6c779568]" started-at="2024-07-21T14:57:14 IST" name="hoverClickAILinkTest" finished-at="2024-07-21T14:57:15 IST" depends-on-methods="com.novoproso.testCases.ClickStartNowTest.clickStartNowButtonTest" duration-ms="748" status="PASS">
          <reporter-output>
          </reporter-output>
        </test-method> <!-- hoverClickAILinkTest -->
        <test-method signature="hoverClickBigDataLinkTest()[pri:0, instance:com.novoproso.testCases.navBarLinksTest@6c779568]" started-at="2024-07-21T14:57:15 IST" name="hoverClickBigDataLinkTest" finished-at="2024-07-21T14:57:16 IST" depends-on-methods="com.novoproso.testCases.ClickStartNowTest.clickStartNowButtonTest" duration-ms="706" status="PASS">
          <reporter-output>
          </reporter-output>
        </test-method> <!-- hoverClickBigDataLinkTest -->
        <test-method signature="hoverClickHRALinkTest()[pri:0, instance:com.novoproso.testCases.navBarLinksTest@6c779568]" started-at="2024-07-21T14:57:16 IST" name="hoverClickHRALinkTest" finished-at="2024-07-21T14:57:16 IST" depends-on-methods="com.novoproso.testCases.ClickStartNowTest.clickStartNowButtonTest" duration-ms="702" status="PASS">
          <reporter-output>
          </reporter-output>
        </test-method> <!-- hoverClickHRALinkTest -->
        <test-method signature="hoverClickITPMLinkTest()[pri:0, instance:com.novoproso.testCases.navBarLinksTest@6c779568]" started-at="2024-07-21T14:57:16 IST" name="hoverClickITPMLinkTest" finished-at="2024-07-21T14:57:17 IST" depends-on-methods="com.novoproso.testCases.ClickStartNowTest.clickStartNowButtonTest" duration-ms="702" status="PASS">
          <reporter-output>
          </reporter-output>
        </test-method> <!-- hoverClickITPMLinkTest -->
        <test-method signature="hoverClickNetworkLinkTest()[pri:0, instance:com.novoproso.testCases.navBarLinksTest@6c779568]" started-at="2024-07-21T14:57:17 IST" name="hoverClickNetworkLinkTest" finished-at="2024-07-21T14:57:18 IST" depends-on-methods="com.novoproso.testCases.ClickStartNowTest.clickStartNowButtonTest" duration-ms="750" status="PASS">
          <reporter-output>
          </reporter-output>
        </test-method> <!-- hoverClickNetworkLinkTest -->
      </class> <!-- com.novoproso.testCases.navBarLinksTest -->
    </test> <!-- HoverDropdownClickSubLinksTest -->
    <test started-at="2024-07-21T14:57:19 IST" name="HomePageSectionsTest" finished-at="2024-07-21T14:58:22 IST" duration-ms="62107">
      <class name="com.novoproso.testCases.ClickStartNowTest">
        <test-method is-config="true" signature="setup()[pri:0, instance:com.novoproso.testCases.ClickStartNowTest@4ef37659]" started-at="2024-07-21T14:57:19 IST" name="setup" finished-at="2024-07-21T14:57:32 IST" duration-ms="12148" status="PASS">
          <reporter-output>
          </reporter-output>
        </test-method> <!-- setup -->
        <test-method signature="clickStartNowButtonTest()[pri:0, instance:com.novoproso.testCases.ClickStartNowTest@4ef37659]" started-at="2024-07-21T14:57:32 IST" name="clickStartNowButtonTest" finished-at="2024-07-21T14:57:35 IST" duration-ms="2907" status="PASS">
          <reporter-output>
          </reporter-output>
        </test-method> <!-- clickStartNowButtonTest -->
        <test-method is-config="true" signature="tearDown()[pri:0, instance:com.novoproso.testCases.ClickStartNowTest@4ef37659]" started-at="2024-07-21T14:58:20 IST" name="tearDown" finished-at="2024-07-21T14:58:22 IST" duration-ms="1720" status="PASS">
          <reporter-output>
          </reporter-output>
        </test-method> <!-- tearDown -->
      </class> <!-- com.novoproso.testCases.ClickStartNowTest -->
      <class name="com.novoproso.testCases.HomePageTest">
        <test-method signature="aboutUsSectionTest()[pri:1, instance:com.novoproso.testCases.HomePageTest@776b83cc]" started-at="2024-07-21T14:57:35 IST" name="aboutUsSectionTest" finished-at="2024-07-21T14:57:35 IST" depends-on-methods="com.novoproso.testCases.ClickStartNowTest.clickStartNowButtonTest" duration-ms="571" status="PASS">
          <reporter-output>
          </reporter-output>
        </test-method> <!-- aboutUsSectionTest -->
        <test-method signature="productsSectionTest()[pri:2, instance:com.novoproso.testCases.HomePageTest@776b83cc]" started-at="2024-07-21T14:57:35 IST" name="productsSectionTest" finished-at="2024-07-21T14:57:40 IST" depends-on-methods="com.novoproso.testCases.ClickStartNowTest.clickStartNowButtonTest" duration-ms="4880" status="PASS">
          <reporter-output>
          </reporter-output>
        </test-method> <!-- productsSectionTest -->
        <test-method signature="servicesSectionTest()[pri:3, instance:com.novoproso.testCases.HomePageTest@776b83cc]" started-at="2024-07-21T14:57:40 IST" name="servicesSectionTest" finished-at="2024-07-21T14:57:58 IST" depends-on-methods="com.novoproso.testCases.ClickStartNowTest.clickStartNowButtonTest" duration-ms="18120" status="PASS">
          <reporter-output>
          </reporter-output>
        </test-method> <!-- servicesSectionTest -->
        <test-method signature="careersSectionTest()[pri:4, instance:com.novoproso.testCases.HomePageTest@776b83cc]" started-at="2024-07-21T14:57:58 IST" name="careersSectionTest" finished-at="2024-07-21T14:58:11 IST" depends-on-methods="com.novoproso.testCases.ClickStartNowTest.clickStartNowButtonTest" duration-ms="12494" status="PASS">
          <reporter-output>
          </reporter-output>
        </test-method> <!-- careersSectionTest -->
        <test-method signature="contactSectionTest()[pri:5, instance:com.novoproso.testCases.HomePageTest@776b83cc]" started-at="2024-07-21T14:58:11 IST" name="contactSectionTest" finished-at="2024-07-21T14:58:20 IST" depends-on-methods="com.novoproso.testCases.ClickStartNowTest.clickStartNowButtonTest" duration-ms="9242" status="PASS">
          <reporter-output>
          </reporter-output>
        </test-method> <!-- contactSectionTest -->
      </class> <!-- com.novoproso.testCases.HomePageTest -->
    </test> <!-- HomePageSectionsTest -->
    <test started-at="2024-07-21T14:58:22 IST" name="SectionPagesTest" finished-at="2024-07-21T14:59:15 IST" duration-ms="53003">
      <class name="com.novoproso.testCases.ClickStartNowTest">
        <test-method is-config="true" signature="setup()[pri:0, instance:com.novoproso.testCases.ClickStartNowTest@5939a379]" started-at="2024-07-21T14:58:22 IST" name="setup" finished-at="2024-07-21T14:58:39 IST" duration-ms="17220" status="PASS">
          <reporter-output>
          </reporter-output>
        </test-method> <!-- setup -->
        <test-method signature="clickStartNowButtonTest()[pri:0, instance:com.novoproso.testCases.ClickStartNowTest@5939a379]" started-at="2024-07-21T14:58:39 IST" name="clickStartNowButtonTest" finished-at="2024-07-21T14:58:42 IST" duration-ms="2923" status="PASS">
          <reporter-output>
          </reporter-output>
        </test-method> <!-- clickStartNowButtonTest -->
        <test-method is-config="true" signature="tearDown()[pri:0, instance:com.novoproso.testCases.ClickStartNowTest@5939a379]" started-at="2024-07-21T14:59:13 IST" name="tearDown" finished-at="2024-07-21T14:59:15 IST" duration-ms="1453" status="PASS">
          <reporter-output>
          </reporter-output>
        </test-method> <!-- tearDown -->
      </class> <!-- com.novoproso.testCases.ClickStartNowTest -->
      <class name="com.novoproso.testCases.ProductsPagesTest">
        <test-method signature="hoverClickBDIngensionLinkTest()[pri:0, instance:com.novoproso.testCases.ProductsPagesTest@52102734]" started-at="2024-07-21T14:58:46 IST" name="hoverClickBDIngensionLinkTest" finished-at="2024-07-21T14:58:49 IST" depends-on-methods="com.novoproso.testCases.ClickStartNowTest.clickStartNowButtonTest" duration-ms="2947" status="PASS">
          <reporter-output>
          </reporter-output>
        </test-method> <!-- hoverClickBDIngensionLinkTest -->
        <test-method signature="hoverClickDANLinkTest()[pri:0, instance:com.novoproso.testCases.ProductsPagesTest@52102734]" started-at="2024-07-21T14:58:49 IST" name="hoverClickDANLinkTest" finished-at="2024-07-21T14:58:51 IST" depends-on-methods="com.novoproso.testCases.ClickStartNowTest.clickStartNowButtonTest" duration-ms="2281" status="PASS">
          <reporter-output>
          </reporter-output>
        </test-method> <!-- hoverClickDANLinkTest -->
      </class> <!-- com.novoproso.testCases.ProductsPagesTest -->
      <class name="com.novoproso.testCases.AboutUsPagesTest">
        <test-method signature="hoverClickCsrLinkTest()[pri:0, instance:com.novoproso.testCases.AboutUsPagesTest@e1de817]" started-at="2024-07-21T14:58:42 IST" name="hoverClickCsrLinkTest" finished-at="2024-07-21T14:58:44 IST" depends-on-methods="com.novoproso.testCases.ClickStartNowTest.clickStartNowButtonTest" duration-ms="2291" status="PASS">
          <reporter-output>
          </reporter-output>
        </test-method> <!-- hoverClickCsrLinkTest -->
        <test-method signature="hoverClickLocalSportsLinkTest()[pri:0, instance:com.novoproso.testCases.AboutUsPagesTest@e1de817]" started-at="2024-07-21T14:58:44 IST" name="hoverClickLocalSportsLinkTest" finished-at="2024-07-21T14:58:46 IST" depends-on-methods="com.novoproso.testCases.ClickStartNowTest.clickStartNowButtonTest" duration-ms="1595" status="PASS">
          <reporter-output>
          </reporter-output>
        </test-method> <!-- hoverClickLocalSportsLinkTest -->
      </class> <!-- com.novoproso.testCases.AboutUsPagesTest -->
      <class name="com.novoproso.testCases.ServicesPagesTest">
        <test-method signature="hoverClickAILinkTest()[pri:0, instance:com.novoproso.testCases.ServicesPagesTest@3541cb24]" started-at="2024-07-21T14:58:51 IST" name="hoverClickAILinkTest" finished-at="2024-07-21T14:58:54 IST" depends-on-methods="com.novoproso.testCases.ClickStartNowTest.clickStartNowButtonTest" duration-ms="3355" status="PASS">
          <reporter-output>
          </reporter-output>
        </test-method> <!-- hoverClickAILinkTest -->
        <test-method signature="hoverClickBigDataLinkTest()[pri:0, instance:com.novoproso.testCases.ServicesPagesTest@3541cb24]" started-at="2024-07-21T14:58:54 IST" name="hoverClickBigDataLinkTest" finished-at="2024-07-21T14:58:57 IST" depends-on-methods="com.novoproso.testCases.ClickStartNowTest.clickStartNowButtonTest" duration-ms="2361" status="PASS">
          <reporter-output>
          </reporter-output>
        </test-method> <!-- hoverClickBigDataLinkTest -->
        <test-method signature="hoverClickCloudLinkTest()[pri:0, instance:com.novoproso.testCases.ServicesPagesTest@3541cb24]" started-at="2024-07-21T14:58:57 IST" name="hoverClickCloudLinkTest" finished-at="2024-07-21T14:58:59 IST" depends-on-methods="com.novoproso.testCases.ClickStartNowTest.clickStartNowButtonTest" duration-ms="2311" status="PASS">
          <reporter-output>
          </reporter-output>
        </test-method> <!-- hoverClickCloudLinkTest -->
        <test-method signature="hoverClickHRALinkTest()[pri:0, instance:com.novoproso.testCases.ServicesPagesTest@3541cb24]" started-at="2024-07-21T14:58:59 IST" name="hoverClickHRALinkTest" finished-at="2024-07-21T14:59:01 IST" depends-on-methods="com.novoproso.testCases.ClickStartNowTest.clickStartNowButtonTest" duration-ms="2218" status="PASS">
          <reporter-output>
          </reporter-output>
        </test-method> <!-- hoverClickHRALinkTest -->
        <test-method signature="hoverClickITPMLinkTest()[pri:0, instance:com.novoproso.testCases.ServicesPagesTest@3541cb24]" started-at="2024-07-21T14:59:01 IST" name="hoverClickITPMLinkTest" finished-at="2024-07-21T14:59:03 IST" depends-on-methods="com.novoproso.testCases.ClickStartNowTest.clickStartNowButtonTest" duration-ms="2231" status="PASS">
          <reporter-output>
          </reporter-output>
        </test-method> <!-- hoverClickITPMLinkTest -->
        <test-method signature="hoverClickITStaffLinkTest()[pri:0, instance:com.novoproso.testCases.ServicesPagesTest@3541cb24]" started-at="2024-07-21T14:59:03 IST" name="hoverClickITStaffLinkTest" finished-at="2024-07-21T14:59:06 IST" depends-on-methods="com.novoproso.testCases.ClickStartNowTest.clickStartNowButtonTest" duration-ms="2401" status="PASS">
          <reporter-output>
          </reporter-output>
        </test-method> <!-- hoverClickITStaffLinkTest -->
        <test-method signature="hoverClickIdeaLinkTest()[pri:0, instance:com.novoproso.testCases.ServicesPagesTest@3541cb24]" started-at="2024-07-21T14:59:06 IST" name="hoverClickIdeaLinkTest" finished-at="2024-07-21T14:59:08 IST" depends-on-methods="com.novoproso.testCases.ClickStartNowTest.clickStartNowButtonTest" duration-ms="2236" status="PASS">
          <reporter-output>
          </reporter-output>
        </test-method> <!-- hoverClickIdeaLinkTest -->
        <test-method signature="hoverClickNetworkLinkTest()[pri:0, instance:com.novoproso.testCases.ServicesPagesTest@3541cb24]" started-at="2024-07-21T14:59:08 IST" name="hoverClickNetworkLinkTest" finished-at="2024-07-21T14:59:11 IST" depends-on-methods="com.novoproso.testCases.ClickStartNowTest.clickStartNowButtonTest" duration-ms="2868" status="PASS">
          <reporter-output>
          </reporter-output>
        </test-method> <!-- hoverClickNetworkLinkTest -->
        <test-method signature="hoverClickSDLinkTest()[pri:0, instance:com.novoproso.testCases.ServicesPagesTest@3541cb24]" started-at="2024-07-21T14:59:11 IST" name="hoverClickSDLinkTest" finished-at="2024-07-21T14:59:13 IST" depends-on-methods="com.novoproso.testCases.ClickStartNowTest.clickStartNowButtonTest" duration-ms="2272" status="PASS">
          <reporter-output>
          </reporter-output>
        </test-method> <!-- hoverClickSDLinkTest -->
      </class> <!-- com.novoproso.testCases.ServicesPagesTest -->
    </test> <!-- SectionPagesTest -->
    <test started-at="2024-07-21T14:59:15 IST" name="ContactFormDataDrivenTest" finished-at="2024-07-21T14:59:43 IST" duration-ms="28305">
      <class name="com.novoproso.testCases.ClickStartNowTest">
        <test-method is-config="true" signature="setup()[pri:0, instance:com.novoproso.testCases.ClickStartNowTest@7690781]" started-at="2024-07-21T14:59:15 IST" name="setup" finished-at="2024-07-21T14:59:36 IST" duration-ms="20929" status="PASS">
          <reporter-output>
          </reporter-output>
        </test-method> <!-- setup -->
        <test-method signature="clickStartNowButtonTest()[pri:0, instance:com.novoproso.testCases.ClickStartNowTest@7690781]" started-at="2024-07-21T14:59:36 IST" name="clickStartNowButtonTest" finished-at="2024-07-21T14:59:39 IST" duration-ms="2974" status="PASS">
          <reporter-output>
          </reporter-output>
        </test-method> <!-- clickStartNowButtonTest -->
        <test-method is-config="true" signature="tearDown()[pri:0, instance:com.novoproso.testCases.ClickStartNowTest@7690781]" started-at="2024-07-21T14:59:41 IST" name="tearDown" finished-at="2024-07-21T14:59:43 IST" duration-ms="1696" status="PASS">
          <reporter-output>
          </reporter-output>
        </test-method> <!-- tearDown -->
      </class> <!-- com.novoproso.testCases.ClickStartNowTest -->
      <class name="com.novoproso.testCases.contactDataDrivenTest">
        <test-method signature="contactFormTest(java.lang.String,java.lang.String,java.lang.String,java.lang.String)[pri:0, instance:com.novoproso.testCases.contactDataDrivenTest@77eca502]" started-at="2024-07-21T14:59:39 IST" name="contactFormTest" data-provider="ContactFormTestData" finished-at="2024-07-21T14:59:41 IST" depends-on-methods="com.novoproso.testCases.ClickStartNowTest.clickStartNowButtonTest" duration-ms="2692" status="PASS">
          <params>
            <param index="0">
              <value>
                <![CDATA[test name]]>
              </value>
            </param>
            <param index="1">
              <value>
                <![CDATA[test@test.com]]>
              </value>
            </param>
            <param index="2">
              <value>
                <![CDATA[test subject]]>
              </value>
            </param>
            <param index="3">
              <value>
                <![CDATA[test message]]>
              </value>
            </param>
          </params>
          <reporter-output>
          </reporter-output>
        </test-method> <!-- contactFormTest -->
      </class> <!-- com.novoproso.testCases.contactDataDrivenTest -->
    </test> <!-- ContactFormDataDrivenTest -->
    <test started-at="2024-07-21T14:59:43 IST" name="FooterTest" finished-at="2024-07-21T15:00:40 IST" duration-ms="56768">
      <class name="com.novoproso.testCases.FooterTest">
        <test-method is-config="true" signature="setup()[pri:0, instance:com.novoproso.testCases.FooterTest@49dc7102]" started-at="2024-07-21T14:59:43 IST" name="setup" finished-at="2024-07-21T15:00:00 IST" duration-ms="17253" status="PASS">
          <reporter-output>
          </reporter-output>
        </test-method> <!-- setup -->
        <test-method signature="clickStartNowButtonTest()[pri:1, instance:com.novoproso.testCases.FooterTest@49dc7102]" started-at="2024-07-21T15:00:00 IST" name="clickStartNowButtonTest" finished-at="2024-07-21T15:00:08 IST" duration-ms="7445" status="PASS">
          <reporter-output>
          </reporter-output>
        </test-method> <!-- clickStartNowButtonTest -->
        <test-method signature="footerTest()[pri:2, instance:com.novoproso.testCases.FooterTest@49dc7102]" started-at="2024-07-21T15:00:08 IST" name="footerTest" finished-at="2024-07-21T15:00:36 IST" duration-ms="28506" status="PASS">
          <reporter-output>
          </reporter-output>
        </test-method> <!-- footerTest -->
        <test-method is-config="true" signature="tearDown()[pri:0, instance:com.novoproso.testCases.FooterTest@49dc7102]" started-at="2024-07-21T15:00:36 IST" name="tearDown" finished-at="2024-07-21T15:00:40 IST" duration-ms="3552" status="PASS">
          <reporter-output>
          </reporter-output>
        </test-method> <!-- tearDown -->
      </class> <!-- com.novoproso.testCases.FooterTest -->
    </test> <!-- FooterTest -->
    <test started-at="2024-07-21T15:00:40 IST" name="HoverDropdownClickSubLinksMobileViewTest" finished-at="2024-07-21T15:01:19 IST" duration-ms="39494">
      <class name="com.novoproso.testCases.navBarLinksMobileViewTest">
        <test-method is-config="true" signature="clickToggleTest()[pri:0, instance:com.novoproso.testCases.navBarLinksMobileViewTest@3e6ef8ad]" started-at="2024-07-21T15:01:00 IST" name="clickToggleTest" finished-at="2024-07-21T15:01:01 IST" duration-ms="713" status="PASS">
          <reporter-output>
          </reporter-output>
        </test-method> <!-- clickToggleTest -->
        <test-method signature="hoverClickCsrLinkTest()[pri:0, instance:com.novoproso.testCases.navBarLinksMobileViewTest@3e6ef8ad]" started-at="2024-07-21T15:01:01 IST" name="hoverClickCsrLinkTest" finished-at="2024-07-21T15:01:03 IST" depends-on-methods="com.novoproso.testCases.ClickStartNowTest.clickStartNowButtonMobileViewTest" duration-ms="1803" status="PASS">
          <reporter-output>
          </reporter-output>
        </test-method> <!-- hoverClickCsrLinkTest -->
        <test-method signature="hoverClickLocalSportsLinkTest()[pri:0, instance:com.novoproso.testCases.navBarLinksMobileViewTest@3e6ef8ad]" started-at="2024-07-21T15:01:03 IST" name="hoverClickLocalSportsLinkTest" finished-at="2024-07-21T15:01:05 IST" depends-on-methods="com.novoproso.testCases.ClickStartNowTest.clickStartNowButtonMobileViewTest" duration-ms="2298" status="PASS">
          <reporter-output>
          </reporter-output>
        </test-method> <!-- hoverClickLocalSportsLinkTest -->
        <test-method signature="hoverClickDANLinkTest()[pri:0, instance:com.novoproso.testCases.navBarLinksMobileViewTest@3e6ef8ad]" started-at="2024-07-21T15:01:05 IST" name="hoverClickDANLinkTest" finished-at="2024-07-21T15:01:06 IST" depends-on-methods="com.novoproso.testCases.ClickStartNowTest.clickStartNowButtonMobileViewTest" duration-ms="1264" status="PASS">
          <reporter-output>
          </reporter-output>
        </test-method> <!-- hoverClickDANLinkTest -->
        <test-method signature="hoverClickBDIngensionLinkTest()[pri:0, instance:com.novoproso.testCases.navBarLinksMobileViewTest@3e6ef8ad]" started-at="2024-07-21T15:01:06 IST" name="hoverClickBDIngensionLinkTest" finished-at="2024-07-21T15:01:07 IST" depends-on-methods="com.novoproso.testCases.ClickStartNowTest.clickStartNowButtonMobileViewTest" duration-ms="642" status="PASS">
          <reporter-output>
          </reporter-output>
        </test-method> <!-- hoverClickBDIngensionLinkTest -->
        <test-method signature="hoverClickIdeaLinkTest()[pri:0, instance:com.novoproso.testCases.navBarLinksMobileViewTest@3e6ef8ad]" started-at="2024-07-21T15:01:07 IST" name="hoverClickIdeaLinkTest" finished-at="2024-07-21T15:01:08 IST" depends-on-methods="com.novoproso.testCases.ClickStartNowTest.clickStartNowButtonMobileViewTest" duration-ms="1222" status="PASS">
          <reporter-output>
          </reporter-output>
        </test-method> <!-- hoverClickIdeaLinkTest -->
        <test-method signature="hoverClickSDLinkTest()[pri:0, instance:com.novoproso.testCases.navBarLinksMobileViewTest@3e6ef8ad]" started-at="2024-07-21T15:01:08 IST" name="hoverClickSDLinkTest" finished-at="2024-07-21T15:01:09 IST" depends-on-methods="com.novoproso.testCases.ClickStartNowTest.clickStartNowButtonMobileViewTest" duration-ms="671" status="PASS">
          <reporter-output>
          </reporter-output>
        </test-method> <!-- hoverClickSDLinkTest -->
        <test-method signature="hoverClickITStaffLinkTest()[pri:0, instance:com.novoproso.testCases.navBarLinksMobileViewTest@3e6ef8ad]" started-at="2024-07-21T15:01:09 IST" name="hoverClickITStaffLinkTest" finished-at="2024-07-21T15:01:10 IST" depends-on-methods="com.novoproso.testCases.ClickStartNowTest.clickStartNowButtonMobileViewTest" duration-ms="1131" status="PASS">
          <reporter-output>
          </reporter-output>
        </test-method> <!-- hoverClickITStaffLinkTest -->
        <test-method signature="hoverClickCloudLinkTest()[pri:0, instance:com.novoproso.testCases.navBarLinksMobileViewTest@3e6ef8ad]" started-at="2024-07-21T15:01:10 IST" name="hoverClickCloudLinkTest" finished-at="2024-07-21T15:01:11 IST" depends-on-methods="com.novoproso.testCases.ClickStartNowTest.clickStartNowButtonMobileViewTest" duration-ms="680" status="PASS">
          <reporter-output>
          </reporter-output>
        </test-method> <!-- hoverClickCloudLinkTest -->
        <test-method signature="hoverClickAILinkTest()[pri:0, instance:com.novoproso.testCases.navBarLinksMobileViewTest@3e6ef8ad]" started-at="2024-07-21T15:01:11 IST" name="hoverClickAILinkTest" finished-at="2024-07-21T15:01:12 IST" depends-on-methods="com.novoproso.testCases.ClickStartNowTest.clickStartNowButtonMobileViewTest" duration-ms="1563" status="PASS">
          <reporter-output>
          </reporter-output>
        </test-method> <!-- hoverClickAILinkTest -->
        <test-method signature="hoverClickBigDataLinkTest()[pri:0, instance:com.novoproso.testCases.navBarLinksMobileViewTest@3e6ef8ad]" started-at="2024-07-21T15:01:12 IST" name="hoverClickBigDataLinkTest" finished-at="2024-07-21T15:01:13 IST" depends-on-methods="com.novoproso.testCases.ClickStartNowTest.clickStartNowButtonMobileViewTest" duration-ms="652" status="PASS">
          <reporter-output>
          </reporter-output>
        </test-method> <!-- hoverClickBigDataLinkTest -->
        <test-method signature="hoverClickHRALinkTest()[pri:0, instance:com.novoproso.testCases.navBarLinksMobileViewTest@3e6ef8ad]" started-at="2024-07-21T15:01:13 IST" name="hoverClickHRALinkTest" finished-at="2024-07-21T15:01:14 IST" depends-on-methods="com.novoproso.testCases.ClickStartNowTest.clickStartNowButtonMobileViewTest" duration-ms="675" status="PASS">
          <reporter-output>
          </reporter-output>
        </test-method> <!-- hoverClickHRALinkTest -->
        <test-method signature="hoverClickITPMLinkTest()[pri:0, instance:com.novoproso.testCases.navBarLinksMobileViewTest@3e6ef8ad]" started-at="2024-07-21T15:01:14 IST" name="hoverClickITPMLinkTest" finished-at="2024-07-21T15:01:15 IST" depends-on-methods="com.novoproso.testCases.ClickStartNowTest.clickStartNowButtonMobileViewTest" duration-ms="1119" status="PASS">
          <reporter-output>
          </reporter-output>
        </test-method> <!-- hoverClickITPMLinkTest -->
        <test-method signature="hoverClickNetworkLinkTest()[pri:0, instance:com.novoproso.testCases.navBarLinksMobileViewTest@3e6ef8ad]" started-at="2024-07-21T15:01:15 IST" name="hoverClickNetworkLinkTest" finished-at="2024-07-21T15:01:15 IST" depends-on-methods="com.novoproso.testCases.ClickStartNowTest.clickStartNowButtonMobileViewTest" duration-ms="670" status="PASS">
          <reporter-output>
          </reporter-output>
        </test-method> <!-- hoverClickNetworkLinkTest -->
      </class> <!-- com.novoproso.testCases.navBarLinksMobileViewTest -->
      <class name="com.novoproso.testCases.ClickStartNowTest">
        <test-method is-config="true" signature="setup()[pri:0, instance:com.novoproso.testCases.ClickStartNowTest@59af0466]" started-at="2024-07-21T15:00:40 IST" name="setup" finished-at="2024-07-21T15:00:57 IST" duration-ms="16791" status="PASS">
          <reporter-output>
          </reporter-output>
        </test-method> <!-- setup -->
        <test-method signature="clickStartNowButtonMobileViewTest()[pri:0, instance:com.novoproso.testCases.ClickStartNowTest@59af0466]" started-at="2024-07-21T15:00:57 IST" name="clickStartNowButtonMobileViewTest" finished-at="2024-07-21T15:01:00 IST" duration-ms="3538" status="PASS">
          <reporter-output>
          </reporter-output>
        </test-method> <!-- clickStartNowButtonMobileViewTest -->
        <test-method is-config="true" signature="tearDown()[pri:0, instance:com.novoproso.testCases.ClickStartNowTest@59af0466]" started-at="2024-07-21T15:01:15 IST" name="tearDown" finished-at="2024-07-21T15:01:19 IST" duration-ms="4034" status="PASS">
          <reporter-output>
          </reporter-output>
        </test-method> <!-- tearDown -->
      </class> <!-- com.novoproso.testCases.ClickStartNowTest -->
    </test> <!-- HoverDropdownClickSubLinksMobileViewTest -->
    <test started-at="2024-07-21T15:01:20 IST" name="HomePageSectionsMobileViewTest" finished-at="2024-07-21T15:02:43 IST" duration-ms="83272">
      <class name="com.novoproso.testCases.ClickStartNowTest">
        <test-method is-config="true" signature="setup()[pri:0, instance:com.novoproso.testCases.ClickStartNowTest@62230c58]" started-at="2024-07-21T15:01:20 IST" name="setup" finished-at="2024-07-21T15:01:45 IST" duration-ms="25366" status="PASS">
          <reporter-output>
          </reporter-output>
        </test-method> <!-- setup -->
        <test-method signature="clickStartNowButtonMobileViewTest()[pri:0, instance:com.novoproso.testCases.ClickStartNowTest@62230c58]" started-at="2024-07-21T15:01:45 IST" name="clickStartNowButtonMobileViewTest" finished-at="2024-07-21T15:01:48 IST" duration-ms="3463" status="PASS">
          <reporter-output>
          </reporter-output>
        </test-method> <!-- clickStartNowButtonMobileViewTest -->
        <test-method is-config="true" signature="tearDown()[pri:0, instance:com.novoproso.testCases.ClickStartNowTest@62230c58]" started-at="2024-07-21T15:02:41 IST" name="tearDown" finished-at="2024-07-21T15:02:43 IST" duration-ms="1650" status="PASS">
          <reporter-output>
          </reporter-output>
        </test-method> <!-- tearDown -->
      </class> <!-- com.novoproso.testCases.ClickStartNowTest -->
      <class name="com.novoproso.testCases.HomePageMobileViewTest">
        <test-method signature="aboutUsSectionTest()[pri:1, instance:com.novoproso.testCases.HomePageMobileViewTest@2cd2a21f]" started-at="2024-07-21T15:01:48 IST" name="aboutUsSectionTest" finished-at="2024-07-21T15:01:49 IST" depends-on-methods="com.novoproso.testCases.ClickStartNowTest.clickStartNowButtonMobileViewTest" duration-ms="1107" status="PASS">
          <reporter-output>
          </reporter-output>
        </test-method> <!-- aboutUsSectionTest -->
        <test-method signature="productsSectionTest()[pri:2, instance:com.novoproso.testCases.HomePageMobileViewTest@2cd2a21f]" started-at="2024-07-21T15:01:50 IST" name="productsSectionTest" finished-at="2024-07-21T15:01:56 IST" depends-on-methods="com.novoproso.testCases.ClickStartNowTest.clickStartNowButtonMobileViewTest" duration-ms="6379" status="PASS">
          <reporter-output>
          </reporter-output>
        </test-method> <!-- productsSectionTest -->
        <test-method signature="servicesSectionTest()[pri:3, instance:com.novoproso.testCases.HomePageMobileViewTest@2cd2a21f]" started-at="2024-07-21T15:01:56 IST" name="servicesSectionTest" finished-at="2024-07-21T15:02:15 IST" depends-on-methods="com.novoproso.testCases.ClickStartNowTest.clickStartNowButtonMobileViewTest" duration-ms="18641" status="PASS">
          <reporter-output>
          </reporter-output>
        </test-method> <!-- servicesSectionTest -->
        <test-method signature="careersSectionTest()[pri:4, instance:com.novoproso.testCases.HomePageMobileViewTest@2cd2a21f]" started-at="2024-07-21T15:02:15 IST" name="careersSectionTest" finished-at="2024-07-21T15:02:28 IST" depends-on-methods="com.novoproso.testCases.ClickStartNowTest.clickStartNowButtonMobileViewTest" duration-ms="13928" status="PASS">
          <reporter-output>
          </reporter-output>
        </test-method> <!-- careersSectionTest -->
        <test-method signature="contactSectionTest()[pri:5, instance:com.novoproso.testCases.HomePageMobileViewTest@2cd2a21f]" started-at="2024-07-21T15:02:28 IST" name="contactSectionTest" finished-at="2024-07-21T15:02:41 IST" depends-on-methods="com.novoproso.testCases.ClickStartNowTest.clickStartNowButtonMobileViewTest" duration-ms="12697" status="PASS">
          <reporter-output>
          </reporter-output>
        </test-method> <!-- contactSectionTest -->
      </class> <!-- com.novoproso.testCases.HomePageMobileViewTest -->
    </test> <!-- HomePageSectionsMobileViewTest -->
  </suite> <!-- Suite -->
</testng-results>
