<?xml version="1.0" encoding="UTF-8"?>
<testng-results ignored="0" total="16" passed="16" failed="0" skipped="0">
  <reporter-output>
  </reporter-output>
  <suite started-at="2024-07-18T19:43:03 IST" name="Suite" finished-at="2024-07-18T19:44:58 IST" duration-ms="114374">
    <groups>
    </groups>
    <test started-at="2024-07-18T19:43:03 IST" name="SectionPagesTest" finished-at="2024-07-18T19:44:58 IST" duration-ms="114374">
      <class name="com.novoproso.testCases.ProductsPagesTest">
        <test-method is-config="true" signature="setup()[pri:0, instance:com.novoproso.testCases.ProductsPagesTest@445b295b]" started-at="2024-07-18T19:43:34 IST" name="setup" finished-at="2024-07-18T19:43:48 IST" duration-ms="14051" status="PASS">
          <reporter-output>
          </reporter-output>
        </test-method> <!-- setup -->
        <test-method signature="clickStartNowButtonTest()[pri:0, instance:com.novoproso.testCases.ProductsPagesTest@445b295b]" started-at="2024-07-18T19:43:48 IST" name="clickStartNowButtonTest" finished-at="2024-07-18T19:43:51 IST" duration-ms="2925" status="PASS">
          <reporter-output>
          </reporter-output>
        </test-method> <!-- clickStartNowButtonTest -->
        <test-method signature="hoverClickBDIngensionLinkTest()[pri:0, instance:com.novoproso.testCases.ProductsPagesTest@445b295b]" started-at="2024-07-18T19:43:51 IST" name="hoverClickBDIngensionLinkTest" finished-at="2024-07-18T19:43:57 IST" depends-on-methods="com.novoproso.testCases.ProductsPagesTest.clickStartNowButtonTest" duration-ms="6550" status="PASS">
          <reporter-output>
          </reporter-output>
        </test-method> <!-- hoverClickBDIngensionLinkTest -->
        <test-method signature="hoverClickDANLinkTest()[pri:0, instance:com.novoproso.testCases.ProductsPagesTest@445b295b]" started-at="2024-07-18T19:43:57 IST" name="hoverClickDANLinkTest" finished-at="2024-07-18T19:44:01 IST" depends-on-methods="com.novoproso.testCases.ProductsPagesTest.clickStartNowButtonTest" duration-ms="3768" status="PASS">
          <reporter-output>
          </reporter-output>
        </test-method> <!-- hoverClickDANLinkTest -->
        <test-method is-config="true" signature="tearDown()[pri:0, instance:com.novoproso.testCases.ProductsPagesTest@445b295b]" started-at="2024-07-18T19:44:01 IST" name="tearDown" finished-at="2024-07-18T19:44:03 IST" duration-ms="1520" status="PASS">
          <reporter-output>
          </reporter-output>
        </test-method> <!-- tearDown -->
      </class> <!-- com.novoproso.testCases.ProductsPagesTest -->
      <class name="com.novoproso.testCases.AboutUsPagesTest">
        <test-method is-config="true" signature="setup()[pri:0, instance:com.novoproso.testCases.AboutUsPagesTest@192c3f1e]" started-at="2024-07-18T19:43:04 IST" name="setup" finished-at="2024-07-18T19:43:22 IST" duration-ms="18165" status="PASS">
          <reporter-output>
          </reporter-output>
        </test-method> <!-- setup -->
        <test-method signature="clickStartNowButtonTest()[pri:1, instance:com.novoproso.testCases.AboutUsPagesTest@192c3f1e]" started-at="2024-07-18T19:43:22 IST" name="clickStartNowButtonTest" finished-at="2024-07-18T19:43:25 IST" duration-ms="3507" status="PASS">
          <reporter-output>
          </reporter-output>
        </test-method> <!-- clickStartNowButtonTest -->
        <test-method signature="hoverClickCsrLinkTest()[pri:0, instance:com.novoproso.testCases.AboutUsPagesTest@192c3f1e]" started-at="2024-07-18T19:43:25 IST" name="hoverClickCsrLinkTest" finished-at="2024-07-18T19:43:29 IST" depends-on-methods="com.novoproso.testCases.AboutUsPagesTest.clickStartNowButtonTest" duration-ms="3852" status="PASS">
          <reporter-output>
          </reporter-output>
        </test-method> <!-- hoverClickCsrLinkTest -->
        <test-method signature="hoverClickLocalSportsLinkTest()[pri:0, instance:com.novoproso.testCases.AboutUsPagesTest@192c3f1e]" started-at="2024-07-18T19:43:29 IST" name="hoverClickLocalSportsLinkTest" finished-at="2024-07-18T19:43:32 IST" depends-on-methods="com.novoproso.testCases.AboutUsPagesTest.clickStartNowButtonTest" duration-ms="2737" status="PASS">
          <reporter-output>
          </reporter-output>
        </test-method> <!-- hoverClickLocalSportsLinkTest -->
        <test-method is-config="true" signature="tearDown()[pri:0, instance:com.novoproso.testCases.AboutUsPagesTest@192c3f1e]" started-at="2024-07-18T19:43:32 IST" name="tearDown" finished-at="2024-07-18T19:43:34 IST" duration-ms="1684" status="PASS">
          <reporter-output>
          </reporter-output>
        </test-method> <!-- tearDown -->
      </class> <!-- com.novoproso.testCases.AboutUsPagesTest -->
      <class name="com.novoproso.testCases.ServicesPagesTest">
        <test-method is-config="true" signature="setup()[pri:0, instance:com.novoproso.testCases.ServicesPagesTest@49e5f737]" started-at="2024-07-18T19:44:03 IST" name="setup" finished-at="2024-07-18T19:44:17 IST" duration-ms="14308" status="PASS">
          <reporter-output>
          </reporter-output>
        </test-method> <!-- setup -->
        <test-method signature="clickStartNowButtonTest()[pri:0, instance:com.novoproso.testCases.ServicesPagesTest@49e5f737]" started-at="2024-07-18T19:44:17 IST" name="clickStartNowButtonTest" finished-at="2024-07-18T19:44:20 IST" duration-ms="3082" status="PASS">
          <reporter-output>
          </reporter-output>
        </test-method> <!-- clickStartNowButtonTest -->
        <test-method signature="hoverClickAILinkTest()[pri:0, instance:com.novoproso.testCases.ServicesPagesTest@49e5f737]" started-at="2024-07-18T19:44:20 IST" name="hoverClickAILinkTest" finished-at="2024-07-18T19:44:26 IST" depends-on-methods="com.novoproso.testCases.ServicesPagesTest.clickStartNowButtonTest" duration-ms="5790" status="PASS">
          <reporter-output>
          </reporter-output>
        </test-method> <!-- hoverClickAILinkTest -->
        <test-method signature="hoverClickBigDataLinkTest()[pri:0, instance:com.novoproso.testCases.ServicesPagesTest@49e5f737]" started-at="2024-07-18T19:44:26 IST" name="hoverClickBigDataLinkTest" finished-at="2024-07-18T19:44:29 IST" depends-on-methods="com.novoproso.testCases.ServicesPagesTest.clickStartNowButtonTest" duration-ms="3545" status="PASS">
          <reporter-output>
          </reporter-output>
        </test-method> <!-- hoverClickBigDataLinkTest -->
        <test-method signature="hoverClickCloudLinkTest()[pri:0, instance:com.novoproso.testCases.ServicesPagesTest@49e5f737]" started-at="2024-07-18T19:44:29 IST" name="hoverClickCloudLinkTest" finished-at="2024-07-18T19:44:33 IST" depends-on-methods="com.novoproso.testCases.ServicesPagesTest.clickStartNowButtonTest" duration-ms="3650" status="PASS">
          <reporter-output>
          </reporter-output>
        </test-method> <!-- hoverClickCloudLinkTest -->
        <test-method signature="hoverClickHRALinkTest()[pri:0, instance:com.novoproso.testCases.ServicesPagesTest@49e5f737]" started-at="2024-07-18T19:44:33 IST" name="hoverClickHRALinkTest" finished-at="2024-07-18T19:44:37 IST" depends-on-methods="com.novoproso.testCases.ServicesPagesTest.clickStartNowButtonTest" duration-ms="3571" status="PASS">
          <reporter-output>
          </reporter-output>
        </test-method> <!-- hoverClickHRALinkTest -->
        <test-method signature="hoverClickITPMLinkTest()[pri:0, instance:com.novoproso.testCases.ServicesPagesTest@49e5f737]" started-at="2024-07-18T19:44:37 IST" name="hoverClickITPMLinkTest" finished-at="2024-07-18T19:44:40 IST" depends-on-methods="com.novoproso.testCases.ServicesPagesTest.clickStartNowButtonTest" duration-ms="3668" status="PASS">
          <reporter-output>
          </reporter-output>
        </test-method> <!-- hoverClickITPMLinkTest -->
        <test-method signature="hoverClickITStaffLinkTest()[pri:0, instance:com.novoproso.testCases.ServicesPagesTest@49e5f737]" started-at="2024-07-18T19:44:40 IST" name="hoverClickITStaffLinkTest" finished-at="2024-07-18T19:44:44 IST" depends-on-methods="com.novoproso.testCases.ServicesPagesTest.clickStartNowButtonTest" duration-ms="3613" status="PASS">
          <reporter-output>
          </reporter-output>
        </test-method> <!-- hoverClickITStaffLinkTest -->
        <test-method signature="hoverClickIdeaLinkTest()[pri:0, instance:com.novoproso.testCases.ServicesPagesTest@49e5f737]" started-at="2024-07-18T19:44:44 IST" name="hoverClickIdeaLinkTest" finished-at="2024-07-18T19:44:48 IST" depends-on-methods="com.novoproso.testCases.ServicesPagesTest.clickStartNowButtonTest" duration-ms="4180" status="PASS">
          <reporter-output>
          </reporter-output>
        </test-method> <!-- hoverClickIdeaLinkTest -->
        <test-method signature="hoverClickNetworkLinkTest()[pri:0, instance:com.novoproso.testCases.ServicesPagesTest@49e5f737]" started-at="2024-07-18T19:44:48 IST" name="hoverClickNetworkLinkTest" finished-at="2024-07-18T19:44:53 IST" depends-on-methods="com.novoproso.testCases.ServicesPagesTest.clickStartNowButtonTest" duration-ms="4533" status="PASS">
          <reporter-output>
          </reporter-output>
        </test-method> <!-- hoverClickNetworkLinkTest -->
        <test-method signature="hoverClickSDLinkTest()[pri:0, instance:com.novoproso.testCases.ServicesPagesTest@49e5f737]" started-at="2024-07-18T19:44:53 IST" name="hoverClickSDLinkTest" finished-at="2024-07-18T19:44:56 IST" depends-on-methods="com.novoproso.testCases.ServicesPagesTest.clickStartNowButtonTest" duration-ms="3723" status="PASS">
          <reporter-output>
          </reporter-output>
        </test-method> <!-- hoverClickSDLinkTest -->
        <test-method is-config="true" signature="tearDown()[pri:0, instance:com.novoproso.testCases.ServicesPagesTest@49e5f737]" started-at="2024-07-18T19:44:56 IST" name="tearDown" finished-at="2024-07-18T19:44:58 IST" duration-ms="1512" status="PASS">
          <reporter-output>
          </reporter-output>
        </test-method> <!-- tearDown -->
      </class> <!-- com.novoproso.testCases.ServicesPagesTest -->
    </test> <!-- SectionPagesTest -->
  </suite> <!-- Suite -->
</testng-results>
